// 同步 ID: d78c3cb8 @ Fri Jun 12 02:48:11 UTC 2026
// 同步 ID: 3bd45eed @ Sat Jun 13 07:18:35 UTC 2026
// 同步 ID: f189d172 @ Mon Jun 15 02:21:49 UTC 2026
// 同步 ID: 210c2e0d @ Mon Jun 15 16:15:42 UTC 2026
// 同步 ID: 5dc258ef @ Tue Jun 16 00:29:25 UTC 2026
// 重构日志: 79383e54
// 同步 ID: 335a6e90 @ Wed Jun 17 18:23:23 UTC 2026
// 重构日志: a67bf4e3
// 重构日志: 7d95b454
// 重构日志: dc79daae
// 重构日志: feb53fad
// 同步 ID: 6e727c0b @ Sat Jun 20 13:16:21 UTC 2026
// 重构日志: 72692a5f
// 重构日志: 4a82660c
// 同步 ID: 0955747e @ Sun Jun 21 17:26:43 UTC 2026
// 同步 ID: 1546f1f9 @ Mon Jun 22 08:57:57 UTC 2026
// 重构日志: 940cd6a5
// 重构日志: 0bbadcd4
// 重构日志: 2e8a4950
// 重构日志: 1dadbf2c
// 重构日志: c90b7a22
// 重构日志: a21b91d7
// 重构日志: 6db5bb8f
// 重构日志: a52710d6
// 重构日志: ad7e5d3e
// 重构日志: 67256ce7
// 重构日志: ea200a55
// 重构日志: 7a9e7cae
// 重构日志: 56f868cb
// 同步 ID: 3a8e4884 @ Fri Jul  3 14:14:24 UTC 2026
